[ 2016-06-11T11:43:17+08:00 ] ::1 /Works/knowhow/index.php/Home/Test/reg
ERR: 1064:You have an error in your SQL syntax; check the manual that corresponds to your MySQL server version for the right syntax to use near '0) VALUES ('test')' at line 1
 [ SQL语句 ] : INSERT INTO `t_user` (0) VALUES ('test')

[ 2016-06-11T11:43:29+08:00 ] ::1 /Works/knowhow/index.php/Home/Test/reg
ERR: 1064:You have an error in your SQL syntax; check the manual that corresponds to your MySQL server version for the right syntax to use near '0) VALUES ('test')' at line 1
 [ SQL语句 ] : INSERT INTO `t_user` (0) VALUES ('test')

[ 2016-06-11T11:44:10+08:00 ] ::1 /Works/knowhow/index.php/Home/Test/reg
ERR: 1064:You have an error in your SQL syntax; check the manual that corresponds to your MySQL server version for the right syntax to use near '0) VALUES ('test')' at line 1
 [ SQL语句 ] : INSERT INTO `t_user` (0) VALUES ('test')

[ 2016-06-11T11:44:11+08:00 ] ::1 /Works/knowhow/index.php/Home/Test/reg
ERR: 1064:You have an error in your SQL syntax; check the manual that corresponds to your MySQL server version for the right syntax to use near '0) VALUES ('test')' at line 1
 [ SQL语句 ] : INSERT INTO `t_user` (0) VALUES ('test')

[ 2016-06-11T11:46:15+08:00 ] ::1 /Works/knowhow/index.php/Home/Test/reg
ERR: 1064:You have an error in your SQL syntax; check the manual that corresponds to your MySQL server version for the right syntax to use near '0,1) VALUES ('test','123')' at line 1
 [ SQL语句 ] : INSERT INTO `t_user` (0,1) VALUES ('test','123')

[ 2016-06-11T11:46:44+08:00 ] ::1 /Works/knowhow/index.php/Home/Test/reg
ERR: 1064:You have an error in your SQL syntax; check the manual that corresponds to your MySQL server version for the right syntax to use near '0,1) VALUES ('test','123')' at line 1
 [ SQL语句 ] : INSERT INTO `t_user` (0,1) VALUES ('test','123')

[ 2016-06-11T11:46:45+08:00 ] ::1 /Works/knowhow/index.php/Home/Test/reg
ERR: 1064:You have an error in your SQL syntax; check the manual that corresponds to your MySQL server version for the right syntax to use near '0,1) VALUES ('test','123')' at line 1
 [ SQL语句 ] : INSERT INTO `t_user` (0,1) VALUES ('test','123')

[ 2016-06-11T11:46:45+08:00 ] ::1 /Works/knowhow/index.php/Home/Test/reg
ERR: 1064:You have an error in your SQL syntax; check the manual that corresponds to your MySQL server version for the right syntax to use near '0,1) VALUES ('test','123')' at line 1
 [ SQL语句 ] : INSERT INTO `t_user` (0,1) VALUES ('test','123')

[ 2016-06-11T13:06:44+08:00 ] ::1 /Works/knowhow/index.php/Home/Test/UserInfo
ERR: 1054:Unknown column 'name' in 'field list'
 [ SQL语句 ] : UPDATE `t_user` SET `name`='bbb',`weisite`='www.bbb.com',`location`='中国,新疆',`age`='25',`url`=NULL,`des`='ahahah哈' WHERE ( id=11 )

[ 2016-06-11T13:08:12+08:00 ] ::1 /Works/knowhow/index.php/Home/Test/UserInfo
ERR: 1064:You have an error in your SQL syntax; check the manual that corresponds to your MySQL server version for the right syntax to use near 'WHERE ( id=11 )' at line 1
 [ SQL语句 ] : UPDATE `t_user` SET  WHERE ( id=11 )

