[ 2016-06-08T10:00:15+08:00 ] ::1 /knowhow/index.php/Home/Test/insertAns.html
ERR: Think\Model:insertAnswer方法不存在！

[ 2016-06-08T10:03:25+08:00 ] ::1 /knowhow/index.php/Home/Test/insertAns.html
ERR: Think\Model:insertAnswer方法不存在！

[ 2016-06-08T10:03:27+08:00 ] ::1 /knowhow/index.php/Home/Test/insertAns.html
ERR: Think\Model:insertAnswer方法不存在！

[ 2016-06-08T10:09:42+08:00 ] ::1 /knowhow/index.php/Home/Test/insertAns.html
ERR: Think\Model:insertAnswer方法不存在！

[ 2016-06-08T10:10:35+08:00 ] ::1 /knowhow/index.php/Home/Test/insertAns.html
ERR: Think\Model:insertAnswer方法不存在！

[ 2016-06-08T10:10:36+08:00 ] ::1 /knowhow/index.php/Home/Test/insertAns.html
ERR: Think\Model:insertAnswer方法不存在！

[ 2016-06-08T10:12:23+08:00 ] ::1 /knowhow/index.php/Home/Test/insertAns.html
ERR: Think\Model:insertAnswer方法不存在！

[ 2016-06-08T10:12:34+08:00 ] ::1 /knowhow/index.php/Home/Test/insertAns.html
ERR: Think\Model:insertAnswer方法不存在！

[ 2016-06-08T10:14:31+08:00 ] ::1 /knowhow/index.php/Home/Test/insertAns.html
ERR: Think\Model:insertAnswer方法不存在！

[ 2016-06-08T10:16:17+08:00 ] ::1 /knowhow/index.php/Home/Test/insertAns.html
ERR: Think\Model:aaa方法不存在！

[ 2016-06-08T14:46:27+08:00 ] ::1 /knowhow/index.php/Home/queryAns
ERR: 无法加载控制器:QueryAns

[ 2016-06-08T16:22:42+08:00 ] ::1 /knowhow/index.php/Home/Test/queryAns
ERR: 1064:Erreur de syntaxe près de 'desc LIMIT 0,20' à la ligne 1
 [ SQL语句 ] : SELECT * FROM `t_answer` WHERE ( askid=2 ) ORDER BY zan,desc LIMIT 0,20  

[ 2016-06-08T16:30:00+08:00 ] ::1 /knowhow/index.php/Home/Test/queryAns
ERR: 1064:Erreur de syntaxe près de 'desc LIMIT 0,20' à la ligne 1
 [ SQL语句 ] : SELECT * FROM `t_answer` WHERE ( askid=2 ) ORDER BY zan,desc LIMIT 0,20  

[ 2016-06-08T16:38:33+08:00 ] ::1 /knowhow/index.php/Home/Test/queryAns
ERR: 1054:Champ 'desc' inconnu dans order clause
 [ SQL语句 ] : SELECT * FROM `t_answer` WHERE ( askid=2 ) ORDER BY `zan`,`desc` LIMIT 0,20  

